FILE_TYPE=LIBRARY_PARTS;
PRIMITIVE 'HC49S_8_30_50_70_30_ATF','HC49S_8_30_50_70_30_ATF_Other';
  PIN
    '1':
      PIN_NUMBER='(1)';
      NO_LOAD_CHECK=BOTH;
      NO_IO_CHECK=BOTH;
      ALLOW_CONNECT=TRUE;
      PINUSE='UNSPEC';
    '2':
      PIN_NUMBER='(2)';
      NO_LOAD_CHECK=BOTH;
      NO_IO_CHECK=BOTH;
      ALLOW_CONNECT=TRUE;
      PINUSE='UNSPEC';
  END_PIN;
  BODY
    PART_NAME='HC49S_8_30_50_70_30_ATF';
    PHYS_DES_PREFIX='Y';
    NO_LOAD_CHECK='TRUE';
    PIN_COUNT='2';
    BODY_NAME='HC49S_8_30_50_70_30_ATF';
    JEDEC_TYPE='HC49S830507030ATF';
  END_BODY;
END_PRIMITIVE;
END.
