Drill report for fotoaparat.kicad_pcb
Created on 2025-10-16T22:25:14+0200

Copper Layer Stackup:
    =============================================================
    L1 :  F.Cu                      front
    L2 :  B.Cu                      back


Drill file 'fotoaparat-PTH.drl' contains
    plated through holes:
    =============================================================
    T1  0,300mm  0,0118"  (172 holes)
    T2  0,650mm  0,0256"  (2 holes)
    T3  1,000mm  0,0394"  (49 holes)
    T4  1,050mm  0,0413"  (12 holes)
    T5  1,500mm  0,0591"  (4 holes)

    Total plated holes count 239


Drill file 'fotoaparat-NPTH.drl' contains
    unplated through holes:
    =============================================================
    T1  1,092mm  0,0430"  (1 hole)
    T2  1,600mm  0,0630"  (1 hole)
    T3  3,200mm  0,1260"  (4 holes)

    Total unplated holes count 6
