FILE_TYPE=LIBRARY_PARTS;
PRIMITIVE 'CFS_0201MB','CFS_0201MB_Other';
  PIN
    'COM_1':
      PIN_NUMBER='(A1)';
      NO_LOAD_CHECK=BOTH;
      NO_IO_CHECK=BOTH;
      ALLOW_CONNECT=TRUE;
      PINUSE='UNSPEC';
    'COM_2':
      PIN_NUMBER='(A2)';
      NO_LOAD_CHECK=BOTH;
      NO_IO_CHECK=BOTH;
      ALLOW_CONNECT=TRUE;
      PINUSE='UNSPEC';
    'NO_1':
      PIN_NUMBER='(B1)';
      NO_LOAD_CHECK=BOTH;
      NO_IO_CHECK=BOTH;
      ALLOW_CONNECT=TRUE;
      PINUSE='UNSPEC';
    'NO_2':
      PIN_NUMBER='(B2)';
      NO_LOAD_CHECK=BOTH;
      NO_IO_CHECK=BOTH;
      ALLOW_CONNECT=TRUE;
      PINUSE='UNSPEC';
  END_PIN;
  BODY
    PART_NAME='CFS_0201MB';
    PHYS_DES_PREFIX='S';
    NO_LOAD_CHECK='TRUE';
    PIN_COUNT='4';
    BODY_NAME='CFS_0201MB';
    JEDEC_TYPE='CFS0201MB';
  END_BODY;
END_PRIMITIVE;
END.
