** Drc report for fotoaparat.kicad_pcb **
** Created on 2025-10-10T19:56:12+0200 **

** Found 6 DRC violations **
[clearance]: Izolační mezera porušení (třída spojů 'Default' izolační mezera 0,2000 mm; aktuální 0,1698 mm)
    Pravidlo: board setup constraints silk; error
    @(187,8500 mm, 97,3617 mm): Ploška 2 [VBUS] z U2 na F.Cu
    @(187,3500 mm, 97,3617 mm): Ploška 3 [Net-(U2-STAT1)] z U2 na F.Cu
[clearance]: Izolační mezera porušení (třída spojů 'Default' izolační mezera 0,2000 mm; aktuální 0,1698 mm)
    Pravidlo: board setup constraints silk; error
    @(187,3500 mm, 97,3617 mm): Ploška 3 [Net-(U2-STAT1)] z U2 na F.Cu
    @(186,8500 mm, 97,3617 mm): Ploška 4 [Net-(U2-STAT2)] z U2 na F.Cu
[clearance]: Izolační mezera porušení (třída spojů 'Default' izolační mezera 0,2000 mm; aktuální 0,1698 mm)
    Pravidlo: board setup constraints silk; error
    @(186,8500 mm, 97,3617 mm): Ploška 4 [Net-(U2-STAT2)] z U2 na F.Cu
    @(186,3500 mm, 97,3617 mm): Ploška 5 [GND] z U2 na F.Cu
[clearance]: Izolační mezera porušení (třída spojů 'Default' izolační mezera 0,2000 mm; aktuální 0,1698 mm)
    Pravidlo: board setup constraints silk; error
    @(186,3500 mm, 101,4511 mm): Ploška 6 [Net-(U2-PROG)] z U2 na F.Cu
    @(186,8500 mm, 101,4511 mm): Ploška 7 [Net-(U2-*PG)] z U2 na F.Cu
[clearance]: Izolační mezera porušení (třída spojů 'Default' izolační mezera 0,2000 mm; aktuální 0,1698 mm)
    Pravidlo: board setup constraints silk; error
    @(186,8500 mm, 101,4511 mm): Ploška 7 [Net-(U2-*PG)] z U2 na F.Cu
    @(187,3500 mm, 101,4511 mm): Ploška 8 [Net-(U2-THERM)] z U2 na F.Cu
[clearance]: Izolační mezera porušení (třída spojů 'Default' izolační mezera 0,2000 mm; aktuální 0,1698 mm)
    Pravidlo: board setup constraints silk; error
    @(187,3500 mm, 101,4511 mm): Ploška 8 [Net-(U2-THERM)] z U2 na F.Cu
    @(187,8500 mm, 101,4511 mm): Ploška 9 [+BATT] z U2 na F.Cu

** Found 70 unconnected pads **
[unconnected_items]: Chybějící spojení mezi položkami
    Místní přepsání; error
    @(103,2000 mm, 82,1000 mm): Ploška 20 [GND] z LCD na F.Cu
    @(106,0000 mm, 84,6000 mm): Ploška 15 [GND] z LCD na F.Cu
[unconnected_items]: Chybějící spojení mezi položkami
    Místní přepsání; error
    @(103,2000 mm, 90,1000 mm): Ploška 4 [GND] z LCD na F.Cu
    @(106,0000 mm, 90,6000 mm): Ploška 3 [GND] z LCD na F.Cu
[unconnected_items]: Chybějící spojení mezi položkami
    Místní přepsání; error
    @(106,0000 mm, 84,6000 mm): Ploška 15 [GND] z LCD na F.Cu
    @(120,0000 mm, 79,0200 mm): PTH ploška 2 [GND] na CAMERA
[unconnected_items]: Chybějící spojení mezi položkami
    Místní přepsání; error
    @(106,0000 mm, 86,6000 mm): Ploška 11 [GND] z LCD na F.Cu
    @(106,0000 mm, 84,6000 mm): Ploška 15 [GND] z LCD na F.Cu
[unconnected_items]: Chybějící spojení mezi položkami
    Místní přepsání; error
    @(106,0000 mm, 90,6000 mm): Ploška 3 [GND] z LCD na F.Cu
    @(106,0000 mm, 91,6000 mm): Ploška 1 [GND] z LCD na F.Cu
[unconnected_items]: Chybějící spojení mezi položkami
    Místní přepsání; error
    @(106,0000 mm, 90,6000 mm): Ploška 3 [GND] z LCD na F.Cu
    @(106,0000 mm, 86,6000 mm): Ploška 11 [GND] z LCD na F.Cu
[unconnected_items]: Chybějící spojení mezi položkami
    Místní přepsání; error
    @(106,0000 mm, 91,6000 mm): Ploška 1 [GND] z LCD na F.Cu
    @(120,0000 mm, 101,8800 mm): PTH ploška 20 [GND] na CAMERA
[unconnected_items]: Chybějící spojení mezi položkami
    Místní přepsání; error
    @(108,7064 mm, 114,3750 mm): Ploška 6 [GND] z SD CARD na F.Cu
    @(120,0000 mm, 101,8800 mm): PTH ploška 20 [GND] na CAMERA
[unconnected_items]: Chybějící spojení mezi položkami
    Místní přepsání; error
    @(108,7064 mm, 121,8750 mm): Ploška 3 [GND] z SD CARD na F.Cu
    @(108,7064 mm, 114,3750 mm): Ploška 6 [GND] z SD CARD na F.Cu
[unconnected_items]: Chybějící spojení mezi položkami
    Místní přepsání; error
    @(128,0800 mm, 74,8564 mm): Ploška B1 [GND] z S5 na F.Cu
    @(128,3500 mm, 71,4064 mm): Ploška 1 [GND] z R12 na F.Cu
[unconnected_items]: Chybějící spojení mezi položkami
    Místní přepsání; error
    @(128,0800 mm, 74,8564 mm): Ploška B1 [GND] z S5 na F.Cu
    @(120,0000 mm, 79,0200 mm): PTH ploška 2 [GND] na CAMERA
[unconnected_items]: Chybějící spojení mezi položkami
    Místní přepsání; error
    @(143,3000 mm, 84,1000 mm): Prokov [GND] na F.Cu - B.Cu
    @(133,8000 mm, 89,4375 mm): Ploška 1 [GND] z C18 na F.Cu
[unconnected_items]: Chybějící spojení mezi položkami
    Místní přepsání; error
    @(144,3500 mm, 99,7989 mm): Spoj [GND] na F.Cu, délka 2,0000 mm
    @(148,3500 mm, 93,4064 mm): Ploška 1 [GND] z C9 na F.Cu
[unconnected_items]: Chybějící spojení mezi položkami
    Místní přepsání; error
    @(146,6750 mm, 86,0114 mm): Spoj [GND] na F.Cu, délka 1,5136 mm
    @(149,1000 mm, 88,4000 mm): Spoj [GND] na F.Cu, délka 0,0000 mm
[unconnected_items]: Chybějící spojení mezi položkami
    Místní přepsání; error
    @(148,1886 mm, 86,0114 mm): Spoj [GND] na F.Cu, délka 0,0161 mm
    @(149,2000 mm, 80,2000 mm): Prokov [GND] na F.Cu - B.Cu
[unconnected_items]: Chybějící spojení mezi položkami
    Místní přepsání; error
    @(156,6886 mm, 81,0114 mm): Spoj [GND] na F.Cu, délka 0,2667 mm
    @(155,5000 mm, 88,3000 mm): Prokov [GND] na F.Cu - B.Cu
[unconnected_items]: Chybějící spojení mezi položkami
    Místní přepsání; error
    @(186,3500 mm, 97,3617 mm): Ploška 5 [GND] z U2 na F.Cu
    @(184,3500 mm, 98,4064 mm): Ploška 2 [GND] z R7 na F.Cu
[unconnected_items]: Chybějící spojení mezi položkami
    Místní přepsání; error
    @(186,3500 mm, 97,3617 mm): Ploška 5 [GND] z U2 na F.Cu
    @(190,3500 mm, 100,4439 mm): Ploška 2 [GND] z C1 na F.Cu
[unconnected_items]: Chybějící spojení mezi položkami
    Místní přepsání; error
    @(188,7500 mm, 109,6464 mm): Spoj [GND] na F.Cu, délka 2,3964 mm
    @(190,3500 mm, 100,4439 mm): Ploška 2 [GND] z C1 na F.Cu
[unconnected_items]: Chybějící spojení mezi položkami
    Místní přepsání; error
    @(192,3500 mm, 100,3689 mm): Ploška 2 [GND] z C2 na F.Cu
    @(190,3500 mm, 100,4439 mm): Ploška 2 [GND] z C1 na F.Cu
[unconnected_items]: Chybějící spojení mezi položkami
    Místní přepsání; error
    @(197,3400 mm, 80,7564 mm): Ploška 5 [GND] z USB na F.Cu
    @(186,3500 mm, 97,3617 mm): Ploška 5 [GND] z U2 na F.Cu
[unconnected_items]: Chybějící spojení mezi položkami
    Místní přepsání; error
    @(188,3500 mm, 101,4511 mm): Ploška 10 [+BATT] z U2 na F.Cu
    @(187,8500 mm, 101,4511 mm): Ploška 9 [+BATT] z U2 na F.Cu
[unconnected_items]: Chybějící spojení mezi položkami
    Místní přepsání; error
    @(192,3500 mm, 115,0000 mm): Spoj [+BATT] na F.Cu, délka 12,5561 mm
    @(188,3500 mm, 101,4511 mm): Ploška 10 [+BATT] z U2 na F.Cu
[unconnected_items]: Chybějící spojení mezi položkami
    Místní přepsání; error
    @(106,0000 mm, 89,6000 mm): Spoj [+3.3V LCD] na F.Cu, délka 2,4000 mm
    @(96,0000 mm, 89,6000 mm): Ploška 2 [+3.3V LCD] z R13 na F.Cu
[unconnected_items]: Chybějící spojení mezi položkami
    Místní přepsání; error
    @(169,4439 mm, 123,4439 mm): Spoj [+3.3V LCD] na F.Cu, délka 1,0939 mm
    @(108,4000 mm, 97,7000 mm): Prokov [+3.3V LCD] na F.Cu - B.Cu
[unconnected_items]: Chybějící spojení mezi položkami
    Místní přepsání; error
    @(108,7064 mm, 119,3750 mm): Ploška 4 [+3.3V] z SD CARD na F.Cu
    @(124,0000 mm, 123,0000 mm): Ploška 1 [+3.3V] z R18 na F.Cu
[unconnected_items]: Chybějící spojení mezi položkami
    Místní přepsání; error
    @(114,0000 mm, 78,7200 mm): Ploška 1 [+3.3V] z R9 na F.Cu
    @(117,4600 mm, 79,0200 mm): PTH ploška 1 [+3.3V] na CAMERA
[unconnected_items]: Chybějící spojení mezi položkami
    Místní přepsání; error
    @(117,4600 mm, 96,8000 mm): PTH ploška 15 [+3.3V] na CAMERA
    @(130,3500 mm, 87,4064 mm): Ploška 1 [+3.3V] z R11 na F.Cu
[unconnected_items]: Chybějící spojení mezi položkami
    Místní přepsání; error
    @(120,5000 mm, 74,4000 mm): Ploška 1 [+3.3V] z R10 na F.Cu
    @(117,4600 mm, 79,0200 mm): PTH ploška 1 [+3.3V] na CAMERA
[unconnected_items]: Chybějící spojení mezi položkami
    Místní přepsání; error
    @(124,0000 mm, 110,0000 mm): Ploška 1 [+3.3V] z R21 na F.Cu
    @(117,4600 mm, 96,8000 mm): PTH ploška 15 [+3.3V] na CAMERA
[unconnected_items]: Chybějící spojení mezi položkami
    Místní přepsání; error
    @(124,0000 mm, 123,0000 mm): Ploška 1 [+3.3V] z R18 na F.Cu
    @(124,0000 mm, 127,0000 mm): Ploška 1 [+3.3V] z R15 na F.Cu
[unconnected_items]: Chybějící spojení mezi položkami
    Místní přepsání; error
    @(124,0000 mm, 123,0000 mm): Ploška 1 [+3.3V] z R18 na F.Cu
    @(124,0000 mm, 110,0000 mm): Ploška 1 [+3.3V] z R21 na F.Cu
[unconnected_items]: Chybějící spojení mezi položkami
    Místní přepsání; error
    @(124,0000 mm, 127,0000 mm): Ploška 1 [+3.3V] z R15 na F.Cu
    @(135,0000 mm, 126,9690 mm): Ploška 1 [+3.3V] z R1 na F.Cu
[unconnected_items]: Chybějící spojení mezi položkami
    Místní přepsání; error
    @(130,3500 mm, 87,4064 mm): Ploška 1 [+3.3V] z R11 na F.Cu
    @(130,6200 mm, 83,9564 mm): Ploška A2 [+3.3V] z S5 na F.Cu
[unconnected_items]: Chybějící spojení mezi položkami
    Místní přepsání; error
    @(130,6200 mm, 83,9564 mm): Ploška A2 [+3.3V] z S5 na F.Cu
    @(143,3500 mm, 80,7239 mm): Ploška 2 [+3.3V] z C10 na F.Cu
[unconnected_items]: Chybějící spojení mezi položkami
    Místní přepsání; error
    @(130,6200 mm, 83,9564 mm): Ploška A2 [+3.3V] z S5 na F.Cu
    @(120,5000 mm, 74,4000 mm): Ploška 1 [+3.3V] z R10 na F.Cu
[unconnected_items]: Chybějící spojení mezi položkami
    Místní přepsání; error
    @(135,0000 mm, 126,9690 mm): Ploška 1 [+3.3V] z R1 na F.Cu
    @(144,0000 mm, 126,9690 mm): Ploška 1 [+3.3V] z R2 na F.Cu
[unconnected_items]: Chybějící spojení mezi položkami
    Místní přepsání; error
    @(146,6750 mm, 80,5114 mm): Spoj [+3.3V] na F.Cu, délka 3,1125 mm
    @(148,6000 mm, 78,5864 mm): Ploška 64 [+3.3V] z U1 na F.Cu
[unconnected_items]: Chybějící spojení mezi položkami
    Místní přepsání; error
    @(147,0000 mm, 72,5219 mm): Spoj [+3.3V] na F.Cu, délka 0,3561 mm
    @(147,3125 mm, 75,7614 mm): Ploška 2 [+3.3V] z C11 na F.Cu
[unconnected_items]: Chybějící spojení mezi položkami
    Místní přepsání; error
    @(149,6000 mm, 92,1000 mm): Spoj [+3.3V] na F.Cu, délka 1,1667 mm
    @(156,1000 mm, 89,9364 mm): Spoj [+3.3V] na F.Cu, délka 1,9799 mm
[unconnected_items]: Chybějící spojení mezi položkami
    Místní přepsání; error
    @(153,0000 mm, 126,9690 mm): Ploška 1 [+3.3V] z R3 na F.Cu
    @(144,0000 mm, 126,9690 mm): Ploška 1 [+3.3V] z R2 na F.Cu
[unconnected_items]: Chybějící spojení mezi položkami
    Místní přepsání; error
    @(153,0000 mm, 126,9690 mm): Ploška 1 [+3.3V] z R3 na F.Cu
    @(166,3500 mm, 116,3689 mm): Ploška 2 [+3.3V] z C4 na F.Cu
[unconnected_items]: Chybějící spojení mezi položkami
    Místní přepsání; error
    @(156,1000 mm, 89,9364 mm): Spoj [+3.3V] na F.Cu, délka 1,9799 mm
    @(158,0250 mm, 80,5114 mm): Ploška 48 [+3.3V] z U1 na F.Cu
[unconnected_items]: Chybějící spojení mezi položkami
    Místní přepsání; error
    @(158,0250 mm, 80,5114 mm): Ploška 48 [+3.3V] z U1 na F.Cu
    @(148,6000 mm, 78,5864 mm): Ploška 64 [+3.3V] z U1 na F.Cu
[unconnected_items]: Chybějící spojení mezi položkami
    Místní přepsání; error
    @(159,2075 mm, 80,5114 mm): Spoj [+3.3V] na F.Cu, délka 3,0300 mm
    @(162,4300 mm, 64,0000 mm): PTH ploška 1 [+3.3V] na SWD
[unconnected_items]: Chybějící spojení mezi položkami
    Místní přepsání; error
    @(184,3500 mm, 88,3814 mm): Ploška 2 [VBUS] z D3 na F.Cu
    @(186,3500 mm, 88,4064 mm): Ploška 2 [VBUS] z D2 na F.Cu
[unconnected_items]: Chybějící spojení mezi položkami
    Místní přepsání; error
    @(187,8500 mm, 97,3617 mm): Ploška 2 [VBUS] z U2 na F.Cu
    @(188,3500 mm, 97,3617 mm): Ploška 1 [VBUS] z U2 na F.Cu
[unconnected_items]: Chybějící spojení mezi položkami
    Místní přepsání; error
    @(188,3500 mm, 88,3814 mm): Ploška 2 [VBUS] z D1 na F.Cu
    @(186,3500 mm, 88,4064 mm): Ploška 2 [VBUS] z D2 na F.Cu
[unconnected_items]: Chybějící spojení mezi položkami
    Místní přepsání; error
    @(188,3500 mm, 88,3814 mm): Ploška 2 [VBUS] z D1 na F.Cu
    @(188,3500 mm, 97,3617 mm): Ploška 1 [VBUS] z U2 na F.Cu
[unconnected_items]: Chybějící spojení mezi položkami
    Místní přepsání; error
    @(188,3500 mm, 88,3814 mm): Ploška 2 [VBUS] z D1 na F.Cu
    @(197,3400 mm, 83,3564 mm): Ploška 1 [VBUS] z USB na F.Cu
[unconnected_items]: Chybějící spojení mezi položkami
    Místní přepsání; error
    @(190,3500 mm, 98,3689 mm): Ploška 1 [VBUS] z C1 na F.Cu
    @(188,3500 mm, 97,3617 mm): Ploška 1 [VBUS] z U2 na F.Cu
[unconnected_items]: Chybějící spojení mezi položkami
    Místní přepsání; error
    @(188,3500 mm, 90,4314 mm): Ploška 1 [Net-(D1-K)] z D1 na F.Cu
    @(188,3500 mm, 92,4064 mm): Ploška 1 [Net-(D1-K)] z R4 na F.Cu
[unconnected_items]: Chybějící spojení mezi položkami
    Místní přepsání; error
    @(186,3500 mm, 90,4564 mm): Ploška 1 [Net-(D2-K)] z D2 na F.Cu
    @(186,3500 mm, 92,4064 mm): Ploška 1 [Net-(D2-K)] z R5 na F.Cu
[unconnected_items]: Chybějící spojení mezi položkami
    Místní přepsání; error
    @(184,3500 mm, 90,4314 mm): Ploška 1 [/Indikátor Nabíjení] z D3 na F.Cu
    @(184,3500 mm, 104,4064 mm): Ploška 1 [/Indikátor Nabíjení] z R6 na F.Cu
[unconnected_items]: Chybějící spojení mezi položkami
    Místní přepsání; error
    @(96,0000 mm, 87,6000 mm): Ploška 1 [/im3] z R13 na F.Cu
    @(103,2000 mm, 85,1000 mm): Ploška 14 [/im3] z LCD na F.Cu
[unconnected_items]: Chybějící spojení mezi položkami
    Místní přepsání; error
    @(124,7000 mm, 84,2000 mm): Spoj [/I2C_SDA] na B.Cu, délka 3,8184 mm
    @(122,5000 mm, 74,4000 mm): Ploška 2 [/I2C_SDA] z R10 na F.Cu
[unconnected_items]: Chybějící spojení mezi položkami
    Místní přepsání; error
    @(128,0800 mm, 83,9564 mm): Ploška A1 [/Reset] z S5 na F.Cu
    @(128,3500 mm, 87,4064 mm): Ploška 2 [/Reset] z R11 na F.Cu
[unconnected_items]: Chybějící spojení mezi položkami
    Místní přepsání; error
    @(146,6750 mm, 83,5114 mm): Ploška 7 [/Reset] z U1 na F.Cu
    @(128,0800 mm, 83,9564 mm): Ploška A1 [/Reset] z S5 na F.Cu
[unconnected_items]: Chybějící spojení mezi položkami
    Místní přepsání; error
    @(187,3500 mm, 97,3617 mm): Ploška 3 [Net-(U2-STAT1)] z U2 na F.Cu
    @(188,3500 mm, 94,4064 mm): Ploška 2 [Net-(U2-STAT1)] z R4 na F.Cu
[unconnected_items]: Chybějící spojení mezi položkami
    Místní přepsání; error
    @(186,3500 mm, 94,4064 mm): Ploška 2 [Net-(U2-STAT2)] z R5 na F.Cu
    @(186,8500 mm, 97,3617 mm): Ploška 4 [Net-(U2-STAT2)] z U2 na F.Cu
[unconnected_items]: Chybějící spojení mezi položkami
    Místní přepsání; error
    @(186,3500 mm, 104,4064 mm): Ploška 2 [Net-(U2-*PG)] z R6 na F.Cu
    @(186,8500 mm, 101,4511 mm): Ploška 7 [Net-(U2-*PG)] z U2 na F.Cu
[unconnected_items]: Chybějící spojení mezi položkami
    Místní přepsání; error
    @(184,3500 mm, 100,4064 mm): Ploška 1 [Net-(U2-PROG)] z R7 na F.Cu
    @(186,3500 mm, 101,4511 mm): Ploška 6 [Net-(U2-PROG)] z U2 na F.Cu
[unconnected_items]: Chybějící spojení mezi položkami
    Místní přepsání; error
    @(120,0000 mm, 127,0000 mm): Ploška 1 [Net-(R15-Pad2)] z R16 na F.Cu
    @(122,0000 mm, 127,0000 mm): Ploška 2 [Net-(R15-Pad2)] z R15 na F.Cu
[unconnected_items]: Chybějící spojení mezi položkami
    Místní přepsání; error
    @(116,0000 mm, 127,0000 mm): Ploška 1 [Net-(R16-Pad2)] z R17 na F.Cu
    @(118,0000 mm, 127,0000 mm): Ploška 2 [Net-(R16-Pad2)] z R16 na F.Cu
[unconnected_items]: Chybějící spojení mezi položkami
    Místní přepsání; error
    @(120,0000 mm, 123,0000 mm): Ploška 1 [Net-(R18-Pad2)] z R19 na F.Cu
    @(122,0000 mm, 123,0000 mm): Ploška 2 [Net-(R18-Pad2)] z R18 na F.Cu
[unconnected_items]: Chybějící spojení mezi položkami
    Místní přepsání; error
    @(116,0000 mm, 123,0000 mm): Ploška 1 [Net-(R19-Pad2)] z R20 na F.Cu
    @(118,0000 mm, 123,0000 mm): Ploška 2 [Net-(R19-Pad2)] z R19 na F.Cu
[unconnected_items]: Chybějící spojení mezi položkami
    Místní přepsání; error
    @(120,0000 mm, 110,0000 mm): Ploška 1 [Net-(R21-Pad2)] z R22 na F.Cu
    @(122,0000 mm, 110,0000 mm): Ploška 2 [Net-(R21-Pad2)] z R21 na F.Cu
[unconnected_items]: Chybějící spojení mezi položkami
    Místní přepsání; error
    @(116,0000 mm, 110,0000 mm): Ploška 1 [Net-(R22-Pad2)] z R23 na F.Cu
    @(118,0000 mm, 110,0000 mm): Ploška 2 [Net-(R22-Pad2)] z R22 na F.Cu
[unconnected_items]: Chybějící spojení mezi položkami
    Místní přepsání; error
    @(192,3500 mm, 119,0000 mm): Ploška 1 [/Baterka Napětí] z R26 na F.Cu
    @(194,9000 mm, 114,4500 mm): Spoj [/Baterka Napětí] na F.Cu, délka 3,6062 mm
[unconnected_items]: Chybějící spojení mezi položkami
    Místní přepsání; error
    @(187,3500 mm, 101,4511 mm): Ploška 8 [Net-(U2-THERM)] z U2 na F.Cu
    @(188,7500 mm, 107,1064 mm): PTH ploška 1 [Net-(U2-THERM)] na TH1

** Found 0 Footprint errors **

** End of Report **
